<?xml version="1.0" encoding="UTF-8"?>
<!-- Generated by org.testng.reporters.JUnitReportReporter -->
<testsuite hostname="DESKTOP-LL3EITN" failures="0" tests="6" name="com.restfulbooker.RestfulBookerTests" time="7.332" errors="0" timestamp="2025-09-29T23:52:34 BRT" skipped="0">
  <testcase classname="com.restfulbooker.RestfulBookerTests" name="testGetBookingIds" time="0.741"/>
  <testcase classname="com.restfulbooker.RestfulBookerTests" name="testUpdateBooking" time="1.456"/>
  <testcase classname="com.restfulbooker.RestfulBookerTests" name="testDeleteBooking" time="1.454"/>
  <testcase classname="com.restfulbooker.RestfulBookerTests" name="testPartialUpdateBooking" time="1.476"/>
  <testcase classname="com.restfulbooker.RestfulBookerTests" name="testGetBooking" time="1.491"/>
  <testcase classname="com.restfulbooker.RestfulBookerTests" name="testPing" time="0.714"/>
</testsuite> <!-- com.restfulbooker.RestfulBookerTests -->
